2025-02-24T13:26:53.648+05:30  INFO 17216 --- [AddressBookApp] [main] c.b.a.AddressBookAppApplication          : Starting AddressBookAppApplication using Java 21.0.1 with PID 17216 (D:\Capzeminin_Training\AddressBookApp\target\classes started by sp958 in D:\Capzeminin_Training\AddressBookApp)
2025-02-24T13:26:53.649+05:30 DEBUG 17216 --- [AddressBookApp] [main] c.b.a.AddressBookAppApplication          : Running with Spring Boot v3.4.3, Spring v6.2.3
2025-02-24T13:26:53.650+05:30  INFO 17216 --- [AddressBookApp] [main] c.b.a.AddressBookAppApplication          : No active profile set, falling back to 1 default profile: "default"
2025-02-24T13:26:54.199+05:30  INFO 17216 --- [AddressBookApp] [main] .s.d.r.c.RepositoryConfigurationDelegate : Bootstrapping Spring Data JPA repositories in DEFAULT mode.
2025-02-24T13:26:54.251+05:30  INFO 17216 --- [AddressBookApp] [main] .s.d.r.c.RepositoryConfigurationDelegate : Finished Spring Data repository scanning in 43 ms. Found 1 JPA repository interface.
2025-02-24T13:26:54.693+05:30  INFO 17216 --- [AddressBookApp] [main] o.s.b.w.embedded.tomcat.TomcatWebServer  : Tomcat initialized with port 8080 (http)
2025-02-24T13:26:54.705+05:30  INFO 17216 --- [AddressBookApp] [main] o.apache.catalina.core.StandardService   : Starting service [Tomcat]
2025-02-24T13:26:54.705+05:30  INFO 17216 --- [AddressBookApp] [main] o.apache.catalina.core.StandardEngine    : Starting Servlet engine: [Apache Tomcat/10.1.36]
2025-02-24T13:26:54.750+05:30  INFO 17216 --- [AddressBookApp] [main] o.a.c.c.C.[Tomcat].[localhost].[/]       : Initializing Spring embedded WebApplicationContext
2025-02-24T13:26:54.750+05:30  INFO 17216 --- [AddressBookApp] [main] w.s.c.ServletWebServerApplicationContext : Root WebApplicationContext: initialization completed in 1054 ms
2025-02-24T13:26:54.914+05:30  INFO 17216 --- [AddressBookApp] [main] o.hibernate.jpa.internal.util.LogHelper  : HHH000204: Processing PersistenceUnitInfo [name: default]
2025-02-24T13:26:54.962+05:30  INFO 17216 --- [AddressBookApp] [main] org.hibernate.Version                    : HHH000412: Hibernate ORM core version 6.6.8.Final
2025-02-24T13:26:54.994+05:30  INFO 17216 --- [AddressBookApp] [main] o.h.c.internal.RegionFactoryInitiator    : HHH000026: Second-level cache disabled
2025-02-24T13:26:55.248+05:30  INFO 17216 --- [AddressBookApp] [main] o.s.o.j.p.SpringPersistenceUnitInfo      : No LoadTimeWeaver setup: ignoring JPA class transformer
2025-02-24T13:26:55.275+05:30  INFO 17216 --- [AddressBookApp] [main] com.zaxxer.hikari.HikariDataSource       : HikariPool-1 - Starting...
2025-02-24T13:26:55.410+05:30  INFO 17216 --- [AddressBookApp] [main] com.zaxxer.hikari.pool.HikariPool        : HikariPool-1 - Added connection conn0: url=jdbc:h2:mem:employeedb user=SA
2025-02-24T13:26:55.411+05:30  INFO 17216 --- [AddressBookApp] [main] com.zaxxer.hikari.HikariDataSource       : HikariPool-1 - Start completed.
2025-02-24T13:26:55.431+05:30  WARN 17216 --- [AddressBookApp] [main] org.hibernate.orm.deprecation            : HHH90000025: H2Dialect does not need to be specified explicitly using 'hibernate.dialect' (remove the property setting and it will be selected by default)
2025-02-24T13:26:55.455+05:30  INFO 17216 --- [AddressBookApp] [main] org.hibernate.orm.connections.pooling    : HHH10001005: Database info:
	Database JDBC URL [Connecting through datasource 'HikariDataSource (HikariPool-1)']
	Database driver: undefined/unknown
	Database version: 2.3.232
	Autocommit mode: undefined/unknown
	Isolation level: undefined/unknown
	Minimum pool size: undefined/unknown
	Maximum pool size: undefined/unknown
2025-02-24T13:26:56.022+05:30  INFO 17216 --- [AddressBookApp] [main] o.h.e.t.j.p.i.JtaPlatformInitiator       : HHH000489: No JTA platform available (set 'hibernate.transaction.jta.platform' to enable JTA platform integration)
2025-02-24T13:26:56.066+05:30  INFO 17216 --- [AddressBookApp] [main] j.LocalContainerEntityManagerFactoryBean : Initialized JPA EntityManagerFactory for persistence unit 'default'
2025-02-24T13:26:56.309+05:30  WARN 17216 --- [AddressBookApp] [main] JpaBaseConfiguration$JpaWebConfiguration : spring.jpa.open-in-view is enabled by default. Therefore, database queries may be performed during view rendering. Explicitly configure spring.jpa.open-in-view to disable this warning
2025-02-24T13:26:56.561+05:30  INFO 17216 --- [AddressBookApp] [main] o.s.b.a.h2.H2ConsoleAutoConfiguration    : H2 console available at '/h2-console'. Database available at 'jdbc:h2:mem:employeedb'
2025-02-24T13:26:56.622+05:30  INFO 17216 --- [AddressBookApp] [main] o.s.b.w.embedded.tomcat.TomcatWebServer  : Tomcat started on port 8080 (http) with context path '/'
2025-02-24T13:26:56.629+05:30  INFO 17216 --- [AddressBookApp] [main] c.b.a.AddressBookAppApplication          : Started AddressBookAppApplication in 3.402 seconds (process running for 3.749)
2025-02-24T13:27:08.081+05:30  INFO 17216 --- [AddressBookApp] [SpringApplicationShutdownHook] o.s.b.w.e.tomcat.GracefulShutdown        : Commencing graceful shutdown. Waiting for active requests to complete
2025-02-24T13:27:08.086+05:30  INFO 17216 --- [AddressBookApp] [tomcat-shutdown] o.s.b.w.e.tomcat.GracefulShutdown        : Graceful shutdown complete
2025-02-24T13:27:08.088+05:30  INFO 17216 --- [AddressBookApp] [SpringApplicationShutdownHook] j.LocalContainerEntityManagerFactoryBean : Closing JPA EntityManagerFactory for persistence unit 'default'
2025-02-24T13:27:08.090+05:30  INFO 17216 --- [AddressBookApp] [SpringApplicationShutdownHook] com.zaxxer.hikari.HikariDataSource       : HikariPool-1 - Shutdown initiated...
2025-02-24T13:27:08.091+05:30  INFO 17216 --- [AddressBookApp] [SpringApplicationShutdownHook] com.zaxxer.hikari.HikariDataSource       : HikariPool-1 - Shutdown completed.
2025-02-24T13:27:09.656+05:30  INFO 7184 --- [AddressBookApp] [main] c.b.a.AddressBookAppApplication          : Starting AddressBookAppApplication using Java 21.0.1 with PID 7184 (D:\Capzeminin_Training\AddressBookApp\target\classes started by sp958 in D:\Capzeminin_Training\AddressBookApp)
2025-02-24T13:27:09.658+05:30 DEBUG 7184 --- [AddressBookApp] [main] c.b.a.AddressBookAppApplication          : Running with Spring Boot v3.4.3, Spring v6.2.3
2025-02-24T13:27:09.659+05:30  INFO 7184 --- [AddressBookApp] [main] c.b.a.AddressBookAppApplication          : No active profile set, falling back to 1 default profile: "default"
2025-02-24T13:27:10.201+05:30  INFO 7184 --- [AddressBookApp] [main] .s.d.r.c.RepositoryConfigurationDelegate : Bootstrapping Spring Data JPA repositories in DEFAULT mode.
2025-02-24T13:27:10.255+05:30  INFO 7184 --- [AddressBookApp] [main] .s.d.r.c.RepositoryConfigurationDelegate : Finished Spring Data repository scanning in 45 ms. Found 1 JPA repository interface.
2025-02-24T13:27:10.710+05:30  INFO 7184 --- [AddressBookApp] [main] o.s.b.w.embedded.tomcat.TomcatWebServer  : Tomcat initialized with port 8080 (http)
2025-02-24T13:27:10.723+05:30  INFO 7184 --- [AddressBookApp] [main] o.apache.catalina.core.StandardService   : Starting service [Tomcat]
2025-02-24T13:27:10.723+05:30  INFO 7184 --- [AddressBookApp] [main] o.apache.catalina.core.StandardEngine    : Starting Servlet engine: [Apache Tomcat/10.1.36]
2025-02-24T13:27:10.770+05:30  INFO 7184 --- [AddressBookApp] [main] o.a.c.c.C.[Tomcat].[localhost].[/]       : Initializing Spring embedded WebApplicationContext
2025-02-24T13:27:10.771+05:30  INFO 7184 --- [AddressBookApp] [main] w.s.c.ServletWebServerApplicationContext : Root WebApplicationContext: initialization completed in 1069 ms
2025-02-24T13:27:10.926+05:30  INFO 7184 --- [AddressBookApp] [main] o.hibernate.jpa.internal.util.LogHelper  : HHH000204: Processing PersistenceUnitInfo [name: default]
2025-02-24T13:27:10.979+05:30  INFO 7184 --- [AddressBookApp] [main] org.hibernate.Version                    : HHH000412: Hibernate ORM core version 6.6.8.Final
2025-02-24T13:27:11.014+05:30  INFO 7184 --- [AddressBookApp] [main] o.h.c.internal.RegionFactoryInitiator    : HHH000026: Second-level cache disabled
2025-02-24T13:27:11.271+05:30  INFO 7184 --- [AddressBookApp] [main] o.s.o.j.p.SpringPersistenceUnitInfo      : No LoadTimeWeaver setup: ignoring JPA class transformer
2025-02-24T13:27:11.295+05:30  INFO 7184 --- [AddressBookApp] [main] com.zaxxer.hikari.HikariDataSource       : HikariPool-1 - Starting...
2025-02-24T13:27:11.437+05:30  INFO 7184 --- [AddressBookApp] [main] com.zaxxer.hikari.pool.HikariPool        : HikariPool-1 - Added connection conn0: url=jdbc:h2:mem:employeedb user=SA
2025-02-24T13:27:11.439+05:30  INFO 7184 --- [AddressBookApp] [main] com.zaxxer.hikari.HikariDataSource       : HikariPool-1 - Start completed.
2025-02-24T13:27:11.461+05:30  WARN 7184 --- [AddressBookApp] [main] org.hibernate.orm.deprecation            : HHH90000025: H2Dialect does not need to be specified explicitly using 'hibernate.dialect' (remove the property setting and it will be selected by default)
2025-02-24T13:27:11.484+05:30  INFO 7184 --- [AddressBookApp] [main] org.hibernate.orm.connections.pooling    : HHH10001005: Database info:
	Database JDBC URL [Connecting through datasource 'HikariDataSource (HikariPool-1)']
	Database driver: undefined/unknown
	Database version: 2.3.232
	Autocommit mode: undefined/unknown
	Isolation level: undefined/unknown
	Minimum pool size: undefined/unknown
	Maximum pool size: undefined/unknown
2025-02-24T13:27:12.041+05:30  INFO 7184 --- [AddressBookApp] [main] o.h.e.t.j.p.i.JtaPlatformInitiator       : HHH000489: No JTA platform available (set 'hibernate.transaction.jta.platform' to enable JTA platform integration)
2025-02-24T13:27:12.083+05:30  INFO 7184 --- [AddressBookApp] [main] j.LocalContainerEntityManagerFactoryBean : Initialized JPA EntityManagerFactory for persistence unit 'default'
2025-02-24T13:27:12.327+05:30  WARN 7184 --- [AddressBookApp] [main] JpaBaseConfiguration$JpaWebConfiguration : spring.jpa.open-in-view is enabled by default. Therefore, database queries may be performed during view rendering. Explicitly configure spring.jpa.open-in-view to disable this warning
2025-02-24T13:27:12.584+05:30  INFO 7184 --- [AddressBookApp] [main] o.s.b.a.h2.H2ConsoleAutoConfiguration    : H2 console available at '/h2-console'. Database available at 'jdbc:h2:mem:employeedb'
2025-02-24T13:27:12.648+05:30  INFO 7184 --- [AddressBookApp] [main] o.s.b.w.embedded.tomcat.TomcatWebServer  : Tomcat started on port 8080 (http) with context path '/'
2025-02-24T13:27:12.656+05:30  INFO 7184 --- [AddressBookApp] [main] c.b.a.AddressBookAppApplication          : Started AddressBookAppApplication in 3.428 seconds (process running for 3.799)
2025-02-24T13:27:23.053+05:30  INFO 7184 --- [AddressBookApp] [http-nio-8080-exec-1] o.a.c.c.C.[Tomcat].[localhost].[/]       : Initializing Spring DispatcherServlet 'dispatcherServlet'
2025-02-24T13:27:23.053+05:30  INFO 7184 --- [AddressBookApp] [http-nio-8080-exec-1] o.s.web.servlet.DispatcherServlet        : Initializing Servlet 'dispatcherServlet'
2025-02-24T13:27:23.054+05:30  INFO 7184 --- [AddressBookApp] [http-nio-8080-exec-1] o.s.web.servlet.DispatcherServlet        : Completed initialization in 1 ms
2025-02-24T13:27:23.083+05:30  INFO 7184 --- [AddressBookApp] [http-nio-8080-exec-1] c.b.a.controller.AddressBookController   : All address endpoint called 
2025-02-24T13:28:54.151+05:30  INFO 7184 --- [AddressBookApp] [http-nio-8080-exec-5] c.b.a.controller.AddressBookController   : Create address endpoint called 
2025-02-24T13:28:57.689+05:30  INFO 7184 --- [AddressBookApp] [http-nio-8080-exec-6] c.b.a.controller.AddressBookController   : Create address endpoint called 
2025-02-24T13:29:03.503+05:30  INFO 7184 --- [AddressBookApp] [http-nio-8080-exec-7] c.b.a.controller.AddressBookController   : All address endpoint called 
